# JRE version: OpenJDK Runtime Environment (8.0_202) (build 1.8.0_202-release-1483-b49-5587405)
# Java VM: OpenJDK 64-Bit Server VM (25.202-b49-5587405 mixed mode linux-amd64 compressed oops)
Heap:
 PSYoungGen      total 1025536K, used 37782K [0x000000076ab00000, 0x00000007b0b00000, 0x00000007c0000000)
  eden space 904192K, 0% used [0x000000076ab00000,0x000000076ab00000,0x00000007a1e00000)
  from space 121344K, 31% used [0x00000007a1e00000,0x00000007a42e5a30,0x00000007a9480000)
  to   space 104960K, 0% used [0x00000007aa480000,0x00000007aa480000,0x00000007b0b00000)
 ParOldGen       total 489472K, used 300073K [0x00000006c0000000, 0x00000006dde00000, 0x000000076ab00000)
  object space 489472K, 61% used [0x00000006c0000000,0x00000006d250a500,0x00000006dde00000)
 Metaspace       used 131191K, capacity 139011K, committed 139048K, reserved 1171456K
  class space    used 16173K, capacity 17694K, committed 17704K, reserved 1048576K
GC Heap History (10 events):
Event: 409,645 GC heap after
Heap after GC invocations=34 (full 6):
 PSYoungGen      total 777216K, used 0K [0x000000076ab00000, 0x00000007a7e00000, 0x00000007c0000000)
  eden space 694272K, 0% used [0x000000076ab00000,0x000000076ab00000,0x0000000795100000)
  from space 82944K, 0% used [0x000000079c900000,0x000000079c900000,0x00000007a1a00000)
  to   space 122880K, 0% used [0x0000000795100000,0x0000000795100000,0x000000079c900000)
 ParOldGen       total 489472K, used 262307K [0x00000006c0000000, 0x00000006dde00000, 0x000000076ab00000)
  object space 489472K, 53% used [0x00000006c0000000,0x00000006d0028ed8,0x00000006dde00000)
 Metaspace       used 121697K, capacity 128233K, committed 128552K, reserved 1161216K
  class space    used 15282K, capacity 16609K, committed 16680K, reserved 1048576K
}
Event: 419,889 GC heap before
{Heap before GC invocations=35 (full 6):
 PSYoungGen      total 777216K, used 694272K [0x000000076ab00000, 0x00000007a7e00000, 0x00000007c0000000)
  eden space 694272K, 100% used [0x000000076ab00000,0x0000000795100000,0x0000000795100000)
  from space 82944K, 0% used [0x000000079c900000,0x000000079c900000,0x00000007a1a00000)
  to   space 122880K, 0% used [0x0000000795100000,0x0000000795100000,0x000000079c900000)
 ParOldGen       total 489472K, used 262307K [0x00000006c0000000, 0x00000006dde00000, 0x000000076ab00000)
  object space 489472K, 53% used [0x00000006c0000000,0x00000006d0028ed8,0x00000006dde00000)
 Metaspace       used 121985K, capacity 128635K, committed 128808K, reserved 1161216K
  class space    used 15289K, capacity 16620K, committed 16680K, reserved 1048576K
Event: 420,046 GC heap after
Heap after GC invocations=35 (full 6):
 PSYoungGen      total 817152K, used 68927K [0x000000076ab00000, 0x00000007ab100000, 0x00000007c0000000)
  eden space 694272K, 0% used [0x000000076ab00000,0x000000076ab00000,0x0000000795100000)
  from space 122880K, 56% used [0x0000000795100000,0x000000079944ff10,0x000000079c900000)
  to   space 123392K, 0% used [0x00000007a3880000,0x00000007a3880000,0x00000007ab100000)
 ParOldGen       total 489472K, used 262315K [0x00000006c0000000, 0x00000006dde00000, 0x000000076ab00000)
  object space 489472K, 53% used [0x00000006c0000000,0x00000006d002aed8,0x00000006dde00000)
 Metaspace       used 121985K, capacity 128635K, committed 128808K, reserved 1161216K
  class space    used 15289K, capacity 16620K, committed 16680K, reserved 1048576K
}
Event: 891,307 GC heap before
{Heap before GC invocations=36 (full 6):
 PSYoungGen      total 817152K, used 763199K [0x000000076ab00000, 0x00000007ab100000, 0x00000007c0000000)
  eden space 694272K, 100% used [0x000000076ab00000,0x0000000795100000,0x0000000795100000)
  from space 122880K, 56% used [0x0000000795100000,0x000000079944ff10,0x000000079c900000)
  to   space 123392K, 0% used [0x00000007a3880000,0x00000007a3880000,0x00000007ab100000)
 ParOldGen       total 489472K, used 262315K [0x00000006c0000000, 0x00000006dde00000, 0x000000076ab00000)
  object space 489472K, 53% used [0x00000006c0000000,0x00000006d002aed8,0x00000006dde00000)
 Metaspace       used 125414K, capacity 132003K, committed 132136K, reserved 1165312K
  class space    used 15564K, capacity 16924K, committed 16936K, reserved 1048576K
Event: 891,541 GC heap after
Heap after GC invocations=36 (full 6):
 PSYoungGen      total 894464K, used 59365K [0x000000076ab00000, 0x00000007a9b80000, 0x00000007c0000000)
  eden space 793088K, 0% used [0x000000076ab00000,0x000000076ab00000,0x000000079b180000)
  from space 101376K, 58% used [0x00000007a3880000,0x00000007a7279418,0x00000007a9b80000)
  to   space 119808K, 0% used [0x000000079b180000,0x000000079b180000,0x00000007a2680000)
 ParOldGen       total 489472K, used 291258K [0x00000006c0000000, 0x00000006dde00000, 0x000000076ab00000)
  object space 489472K, 59% used [0x00000006c0000000,0x00000006d1c6eb98,0x00000006dde00000)
 Metaspace       used 125414K, capacity 132003K, committed 132136K, reserved 1165312K
  class space    used 15564K, capacity 16924K, committed 16936K, reserved 1048576K
}
Event: 895,204 GC heap before
{Heap before GC invocations=37 (full 6):
 PSYoungGen      total 894464K, used 852453K [0x000000076ab00000, 0x00000007a9b80000, 0x00000007c0000000)
  eden space 793088K, 100% used [0x000000076ab00000,0x000000079b180000,0x000000079b180000)
  from space 101376K, 58% used [0x00000007a3880000,0x00000007a7279418,0x00000007a9b80000)
  to   space 119808K, 0% used [0x000000079b180000,0x000000079b180000,0x00000007a2680000)
 ParOldGen       total 489472K, used 291258K [0x00000006c0000000, 0x00000006dde00000, 0x000000076ab00000)
  object space 489472K, 59% used [0x00000006c0000000,0x00000006d1c6eb98,0x00000006dde00000)
 Metaspace       used 129352K, capacity 136021K, committed 136232K, reserved 1167360K
  class space    used 15980K, capacity 17353K, committed 17448K, reserved 1048576K
Event: 895,373 GC heap after
Heap after GC invocations=37 (full 6):
 PSYoungGen      total 912896K, used 77316K [0x000000076ab00000, 0x00000007b1c80000, 0x00000007c0000000)
  eden space 793088K, 0% used [0x000000076ab00000,0x000000076ab00000,0x000000079b180000)
  from space 119808K, 64% used [0x000000079b180000,0x000000079fd01090,0x00000007a2680000)
  to   space 122880K, 0% used [0x00000007aa480000,0x00000007aa480000,0x00000007b1c80000)
 ParOldGen       total 489472K, used 291266K [0x00000006c0000000, 0x00000006dde00000, 0x000000076ab00000)
  object space 489472K, 59% used [0x00000006c0000000,0x00000006d1c70b98,0x00000006dde00000)
 Metaspace       used 129352K, capacity 136021K, committed 136232K, reserved 1167360K
  class space    used 15980K, capacity 17353K, committed 17448K, reserved 1048576K
}
Event: 962,696 GC heap before
{Heap before GC invocations=38 (full 6):
 PSYoungGen      total 912896K, used 870404K [0x000000076ab00000, 0x00000007b1c80000, 0x00000007c0000000)
  eden space 793088K, 100% used [0x000000076ab00000,0x000000079b180000,0x000000079b180000)
  from space 119808K, 64% used [0x000000079b180000,0x000000079fd01090,0x00000007a2680000)
  to   space 122880K, 0% used [0x00000007aa480000,0x00000007aa480000,0x00000007b1c80000)
 ParOldGen       total 489472K, used 291266K [0x00000006c0000000, 0x00000006dde00000, 0x000000076ab00000)
  object space 489472K, 59% used [0x00000006c0000000,0x00000006d1c70b98,0x00000006dde00000)
 Metaspace       used 130152K, capacity 137469K, committed 137640K, reserved 1169408K
  class space    used 16074K, capacity 17517K, committed 17576K, reserved 1048576K
Event: 962,937 GC heap after
Heap after GC invocations=38 (full 6):
 PSYoungGen      total 1009152K, used 20740K [0x000000076ab00000, 0x00000007b0b00000, 0x00000007c0000000)
  eden space 904192K, 0% used [0x000000076ab00000,0x000000076ab00000,0x00000007a1e00000)
  from space 104960K, 19% used [0x00000007aa480000,0x00000007ab8c13c8,0x00000007b0b00000)
  to   space 121344K, 0% used [0x00000007a1e00000,0x00000007a1e00000,0x00000007a9480000)
 ParOldGen       total 489472K, used 300065K [0x00000006c0000000, 0x00000006dde00000, 0x000000076ab00000)
  object space 489472K, 61% used [0x00000006c0000000,0x00000006d2508500,0x00000006dde00000)
 Metaspace       used 130152K, capacity 137469K, committed 137640K, reserved 1169408K
  class space    used 16074K, capacity 17517K, committed 17576K, reserved 1048576K
}
Event: 1098,431 GC heap before
{Heap before GC invocations=39 (full 6):
 PSYoungGen      total 1009152K, used 924932K [0x000000076ab00000, 0x00000007b0b00000, 0x00000007c0000000)
  eden space 904192K, 100% used [0x000000076ab00000,0x00000007a1e00000,0x00000007a1e00000)
  from space 104960K, 19% used [0x00000007aa480000,0x00000007ab8c13c8,0x00000007b0b00000)
  to   space 121344K, 0% used [0x00000007a1e00000,0x00000007a1e00000,0x00000007a9480000)
 ParOldGen       total 489472K, used 300065K [0x00000006c0000000, 0x00000006dde00000, 0x000000076ab00000)
  object space 489472K, 61% used [0x00000006c0000000,0x00000006d2508500,0x00000006dde00000)
 Metaspace       used 131191K, capacity 139011K, committed 139048K, reserved 1171456K
  class space    used 16173K, capacity 17694K, committed 17704K, reserved 1048576K

